C:\Program Files (x86)\Microsoft Visual Studio\2019\Professional\MSBuild\Microsoft\VC\v160\Microsoft.CppBuild.targets(1069,5): warning MSB8027: due o più file con il nome di main.cpp produrranno output nello stesso percorso. Tale condizione può comportare un risultato di compilazione non corretto. I file interessati sono ..\..\Utils\ReusableSDLEngineFiles\main.cpp, main.cpp.
  Clock.cpp
D:\Development\Utils\ReusableSDLEngineFiles\Clock.h(3,10): fatal error C1083: Non è possibile aprire il file inclusione: 'SDL.h': No such file or directory
  ECS.cpp
D:\Development\Utils\ReusableSDLEngineFiles\ECS.h(90,67): error C7518: con le espressioni di riduzione è richiesto almeno '/std:c++17'
D:\Development\Utils\ReusableSDLEngineFiles\ECS.h(90,67): message : Messaggio diagnostico relativo alla funzione generata dal compilatore 'void ecs<Components...>::for_each(Func)'
D:\Development\Utils\ReusableSDLEngineFiles\ECS.h(101): message : vedere il riferimento all'istanza 'ecs<Components...>' di modello classe di cui è in corso la compilazione
  Engine.cpp
D:\Development\Utils\ReusableSDLEngineFiles\Engine.h(3,10): fatal error C1083: Non è possibile aprire il file inclusione: 'SDL.h': No such file or directory
  main.cpp
D:\Development\Utils\ReusableSDLEngineFiles\Engine.h(3,10): fatal error C1083: Non è possibile aprire il file inclusione: 'SDL.h': No such file or directory
  Scene.cpp
D:\Development\Utils\ReusableSDLEngineFiles\ECS.h(90,67): error C7518: con le espressioni di riduzione è richiesto almeno '/std:c++17'
D:\Development\Utils\ReusableSDLEngineFiles\ECS.h(90,67): message : Messaggio diagnostico relativo alla funzione generata dal compilatore 'void ecs<Components...>::for_each(Func)'
D:\Development\Utils\ReusableSDLEngineFiles\ECS.h(101): message : vedere il riferimento all'istanza 'ecs<Components...>' di modello classe di cui è in corso la compilazione
D:\Development\Utils\ReusableSDLEngineFiles\Scene.h(3,10): fatal error C1083: Non è possibile aprire il file inclusione: 'Component.h': No such file or directory
  System.cpp
D:\Development\Utils\ReusableSDLEngineFiles\System.h(2,10): fatal error C1083: Non è possibile aprire il file inclusione: 'Component.h': No such file or directory
  main.cpp
  Generazione del codice in corso...
